<?xml version="1.0" encoding="UTF-8"?>
<testsuite xmlns:xsi="http://www.w3.org/2001/XMLSchema-instance" xsi:noNamespaceSchemaLocation="https://maven.apache.org/surefire/maven-surefire-plugin/xsd/surefire-test-report-3.0.xsd" version="3.0" name="org.example.AppTest" time="0.01" tests="1" errors="0" skipped="0" failures="0">
  <properties>
    <property name="java.specification.version" value="17"/>
    <property name="sun.cpu.isalist" value="amd64"/>
    <property name="sun.jnu.encoding" value="GBK"/>
    <property name="java.class.path" value="D:\IntelliJ IDEA 2024.1\projects\maven\target\test-classes;D:\IntelliJ IDEA 2024.1\projects\maven\target\classes;C:\Users\Star.LAPTOP-ER6VFCBR\.m2\repository\org\mybatis\mybatis\3.5.13\mybatis-3.5.13.jar;C:\Users\Star.LAPTOP-ER6VFCBR\.m2\repository\junit\junit\3.8.1\junit-3.8.1.jar;C:\Users\Star.LAPTOP-ER6VFCBR\.m2\repository\com\mysql\mysql-connector-j\8.0.33\mysql-connector-j-8.0.33.jar;C:\Users\Star.LAPTOP-ER6VFCBR\.m2\repository\com\google\protobuf\protobuf-java\3.21.9\protobuf-java-3.21.9.jar;C:\Users\Star.LAPTOP-ER6VFCBR\.m2\repository\org\slf4j\slf4j-api\2.0.7\slf4j-api-2.0.7.jar;C:\Users\Star.LAPTOP-ER6VFCBR\.m2\repository\ch\qos\logback\logback-classic\1.4.11\logback-classic-1.4.11.jar;C:\Users\Star.LAPTOP-ER6VFCBR\.m2\repository\ch\qos\logback\logback-core\1.4.11\logback-core-1.4.11.jar;"/>
    <property name="java.vm.vendor" value="Oracle Corporation"/>
    <property name="sun.arch.data.model" value="64"/>
    <property name="user.variant" value=""/>
    <property name="java.vendor.url" value="https://java.oracle.com/"/>
    <property name="user.timezone" value="Asia/Shanghai"/>
    <property name="os.name" value="Windows 10"/>
    <property name="java.vm.specification.version" value="17"/>
    <property name="sun.java.launcher" value="SUN_STANDARD"/>
    <property name="user.country" value="CN"/>
    <property name="sun.boot.library.path" value="C:\Star\jdk\Java\jdk-17.0.1\bin"/>
    <property name="sun.java.command" value="C:\Users\Star.LAPTOP-ER6VFCBR\AppData\Local\Temp\surefire2001792832659017011\surefirebooter-20250619123930778_3.jar C:\Users\Star.LAPTOP-ER6VFCBR\AppData\Local\Temp\surefire2001792832659017011 2025-06-19T12-39-30_604-jvmRun1 surefire-20250619123930778_1tmp surefire_0-20250619123930778_2tmp"/>
    <property name="jdk.debug" value="release"/>
    <property name="surefire.test.class.path" value="D:\IntelliJ IDEA 2024.1\projects\maven\target\test-classes;D:\IntelliJ IDEA 2024.1\projects\maven\target\classes;C:\Users\Star.LAPTOP-ER6VFCBR\.m2\repository\org\mybatis\mybatis\3.5.13\mybatis-3.5.13.jar;C:\Users\Star.LAPTOP-ER6VFCBR\.m2\repository\junit\junit\3.8.1\junit-3.8.1.jar;C:\Users\Star.LAPTOP-ER6VFCBR\.m2\repository\com\mysql\mysql-connector-j\8.0.33\mysql-connector-j-8.0.33.jar;C:\Users\Star.LAPTOP-ER6VFCBR\.m2\repository\com\google\protobuf\protobuf-java\3.21.9\protobuf-java-3.21.9.jar;C:\Users\Star.LAPTOP-ER6VFCBR\.m2\repository\org\slf4j\slf4j-api\2.0.7\slf4j-api-2.0.7.jar;C:\Users\Star.LAPTOP-ER6VFCBR\.m2\repository\ch\qos\logback\logback-classic\1.4.11\logback-classic-1.4.11.jar;C:\Users\Star.LAPTOP-ER6VFCBR\.m2\repository\ch\qos\logback\logback-core\1.4.11\logback-core-1.4.11.jar;"/>
    <property name="sun.cpu.endian" value="little"/>
    <property name="user.home" value="C:\Users\Star.LAPTOP-ER6VFCBR"/>
    <property name="user.language" value="zh"/>
    <property name="java.specification.vendor" value="Oracle Corporation"/>
    <property name="java.version.date" value="2021-10-19"/>
    <property name="java.home" value="C:\Star\jdk\Java\jdk-17.0.1"/>
    <property name="file.separator" value="\"/>
    <property name="basedir" value="D:\IntelliJ IDEA 2024.1\projects\maven"/>
    <property name="java.vm.compressedOopsMode" value="Zero based"/>
    <property name="line.separator" value="&#10;"/>
    <property name="java.vm.specification.vendor" value="Oracle Corporation"/>
    <property name="java.specification.name" value="Java Platform API Specification"/>
    <property name="surefire.real.class.path" value="C:\Users\Star.LAPTOP-ER6VFCBR\AppData\Local\Temp\surefire2001792832659017011\surefirebooter-20250619123930778_3.jar"/>
    <property name="user.script" value=""/>
    <property name="sun.management.compiler" value="HotSpot 64-Bit Tiered Compilers"/>
    <property name="java.runtime.version" value="17.0.1+12-LTS-39"/>
    <property name="user.name" value="Star"/>
    <property name="path.separator" value=";"/>
    <property name="os.version" value="10.0"/>
    <property name="java.runtime.name" value="Java(TM) SE Runtime Environment"/>
    <property name="file.encoding" value="GBK"/>
    <property name="java.vm.name" value="Java HotSpot(TM) 64-Bit Server VM"/>
    <property name="localRepository" value="C:\Users\Star.LAPTOP-ER6VFCBR\.m2\repository"/>
    <property name="java.vendor.url.bug" value="https://bugreport.java.com/bugreport/"/>
    <property name="java.io.tmpdir" value="C:\Users\STAR~1.LAP\AppData\Local\Temp\"/>
    <property name="idea.version" value="2024.1"/>
    <property name="java.version" value="17.0.1"/>
    <property name="user.dir" value="D:\IntelliJ IDEA 2024.1\projects\maven"/>
    <property name="os.arch" value="amd64"/>
    <property name="java.vm.specification.name" value="Java Virtual Machine Specification"/>
    <property name="sun.os.patch.level" value=""/>
    <property name="native.encoding" value="GBK"/>
    <property name="java.library.path" value="C:\Star\jdk\Java\jdk-17.0.1\bin;C:\WINDOWS\Sun\Java\bin;C:\WINDOWS\system32;C:\WINDOWS;D:\bin\;C:\Program Files\Common Files\Oracle\Java\javapath;C:\Python313\Scripts\;C:\Python313\;C:\Star\jdk\Java\jdk-17.0.1\\bin;C:\Windows\system32;C:\Windows;C:\Windows\System32\Wbem;C:\Windows\System32\WindowsPowerShell\v1.0\;C:\Windows\System32\OpenSSH\;C:\Program Files (x86)\NVIDIA Corporation\PhysX\Common;C:\Program Files\NVIDIA Corporation\NVIDIA NvDLISR;C:\Program Files\Bandizip\;C:\WINDOWS\system32;C:\WINDOWS;C:\WINDOWS\System32\Wbem;C:\WINDOWS\System32\WindowsPowerShell\v1.0\;C:\WINDOWS\System32\OpenSSH\;C:\Program Files (x86)\GtkSharp\2.12\bin;D:\WeChat\微信web开发者工具\dll;D:\WeChat\微信小程序开发\;C:\ProgramData\chocolatey\bin;C:\Program Files\MySQL\MySQL Server 8.0\bin;C:\Star\jdk\Java\jdk-17.0.1\\bin;C:\Star\jdk\Java\jdk-17.0.1\\jre\bin;D:\Java\apache-maven-3.9.8\bin;C:\Users\Star.LAPTOP-ER6VFCBR\AppData\Local\Microsoft\WindowsApps;C:\Users\Star.LAPTOP-ER6VFCBR\AppData\Local\Programs\Microsoft VS Code\bin;D:\IntelliJ IDEA 2024.3.5\bin;;."/>
    <property name="java.vm.info" value="mixed mode, sharing"/>
    <property name="java.vendor" value="Oracle Corporation"/>
    <property name="java.vm.version" value="17.0.1+12-LTS-39"/>
    <property name="sun.io.unicode.encoding" value="UnicodeLittle"/>
    <property name="java.class.version" value="61.0"/>
  </properties>
  <testcase name="testApp" classname="org.example.AppTest" time="0.001"/>
</testsuite>